SF:lib\app\shared_pref\token_shared_prefs.dart
DA:9,0
DA:12,0
DA:14,0
DA:15,0
DA:17,0
DA:18,0
DA:23,0
DA:25,0
DA:26,0
DA:28,0
DA:29,0
LF:11
LH:0
end_of_record
SF:lib\core\error\failure.dart
DA:6,4
DA:8,0
DA:9,0
DA:13,0
DA:18,4
DA:22,0
LF:6
LH:2
end_of_record
SF:lib\features\auth\domain\use_case\user_login_usecase.dart
DA:13,3
DA:15,0
DA:17,1
DA:18,3
DA:25,1
DA:30,1
DA:32,4
LF:7
LH:6
end_of_record
SF:lib\features\auth\domain\entity\user_entity.dart
DA:10,1
DA:18,1
DA:19,1
DA:20,1
DA:21,1
DA:22,1
DA:23,1
DA:24,1
LF:8
LH:8
end_of_record
SF:lib\features\auth\domain\use_case\user_register_usecase.dart
DA:14,3
DA:22,0
DA:29,1
DA:30,5
DA:37,1
DA:40,1
DA:42,1
DA:43,1
DA:44,1
DA:45,1
DA:46,1
DA:48,2
LF:12
LH:11
end_of_record
SF:lib\core\common\snackbar\my_snackbar.dart
DA:3,2
DA:8,2
DA:9,0
DA:10,0
LF:4
LH:2
end_of_record
SF:lib\features\auth\presentation\view_model\register_view_model.dart\register_event.dart
DA:13,1
LF:1
LH:1
end_of_record
SF:lib\features\auth\presentation\view_model\register_view_model.dart\register_state.dart
DA:7,1
DA:9,1
DA:11,1
DA:12,1
DA:13,0
DA:14,1
DA:18,1
DA:20,3
LF:8
LH:7
end_of_record
SF:lib\features\auth\presentation\view_model\register_view_model.dart\register_view_model.dart
DA:11,1
DA:13,2
DA:14,2
DA:16,1
DA:20,3
DA:22,2
DA:23,1
DA:24,1
DA:25,1
DA:26,1
DA:27,1
DA:31,1
DA:32,1
DA:33,3
DA:35,1
DA:36,1
DA:37,1
DA:44,1
DA:45,3
DA:47,1
DA:48,1
LF:21
LH:21
end_of_record
SF:lib\features\auth\presentation\view_model\login_view_model.dart\login_event.dart
DA:9,0
DA:15,0
DA:23,2
LF:3
LH:1
end_of_record
SF:lib\features\auth\presentation\view_model\login_view_model.dart\login_state.dart
DA:7,2
DA:9,1
DA:11,1
DA:12,1
DA:13,0
DA:14,1
DA:18,1
DA:19,3
LF:8
LH:7
end_of_record
SF:lib\features\auth\presentation\view_model\login_view_model.dart\login_view_model.dart
DA:15,3
DA:16,2
DA:17,2
DA:20,0
DA:24,0
DA:25,0
DA:26,0
DA:27,0
DA:28,0
DA:29,0
DA:30,0
DA:31,0
DA:41,1
DA:45,1
DA:46,3
DA:49,3
DA:51,2
DA:52,5
DA:55,1
DA:56,1
DA:57,3
DA:58,3
DA:60,1
DA:61,1
DA:62,1
DA:69,1
DA:70,2
DA:71,3
DA:73,1
DA:74,1
DA:78,0
DA:79,0
DA:80,0
LF:33
LH:21
end_of_record
SF:lib\app\constant\api_endpoints.dart
DA:2,0
LF:1
LH:0
end_of_record
SF:lib\app\constant\hive_table_constant.dart
DA:2,0
LF:1
LH:0
end_of_record
SF:lib\app\service_locator\service_locator.dart
DA:16,0
DA:18,0
DA:19,0
DA:20,0
DA:21,0
DA:25,0
DA:26,0
DA:29,0
DA:31,0
DA:32,0
DA:37,0
DA:39,0
DA:40,0
DA:43,0
DA:44,0
DA:48,0
DA:49,0
DA:50,0
DA:54,0
DA:55,0
DA:56,0
DA:61,0
DA:62,0
DA:63,0
DA:67,0
DA:68,0
DA:69,0
DA:70,0
DA:74,0
DA:75,0
DA:76,0
DA:82,0
DA:83,0
DA:84,0
DA:88,0
DA:89,0
LF:36
LH:0
end_of_record
SF:lib\core\network\api_service.dart
DA:9,0
DA:11,0
DA:12,0
DA:13,0
DA:14,0
DA:15,0
DA:16,0
DA:17,0
DA:18,0
DA:24,0
LF:10
LH:0
end_of_record
SF:lib\core\network\hive_service.dart
DA:7,0
DA:9,0
DA:10,0
DA:12,0
DA:14,0
DA:17,0
DA:18,0
DA:19,0
DA:22,0
DA:23,0
DA:24,0
DA:27,0
DA:28,0
DA:29,0
DA:33,0
DA:34,0
DA:35,0
DA:36,0
DA:37,0
DA:39,0
DA:44,0
DA:45,0
DA:46,0
DA:49,0
DA:50,0
LF:25
LH:0
end_of_record
SF:lib\features\auth\data\data_source\local_datasource\user_local_datasource.dart
DA:9,0
DA:12,0
DA:15,0
DA:16,0
DA:18,0
DA:22,0
DA:25,0
DA:26,0
DA:29,0
DA:32,0
DA:36,0
DA:39,0
LF:12
LH:0
end_of_record
SF:lib\features\auth\data\data_source\remote_datasource\user_remote_datasource.dart
DA:10,0
DA:13,0
DA:16,0
DA:18,0
DA:20,0
DA:21,0
DA:24,0
DA:26,0
DA:27,0
DA:29,0
DA:33,0
DA:36,0
DA:37,0
DA:39,0
DA:41,0
DA:44,0
DA:46,0
DA:47,0
DA:49,0
DA:53,0
DA:55,0
LF:21
LH:0
end_of_record
SF:lib\features\auth\data\repository\local_repository\user_local_repository.dart
DA:10,0
DA:13,0
DA:16,0
DA:17,0
DA:19,0
DA:23,0
DA:25,0
DA:28,0
DA:34,0
DA:35,0
DA:37,0
LF:11
LH:0
end_of_record
SF:lib\features\auth\data\repository\remote_repository\user_remote_repository.dart
DA:10,0
DA:13,0
DA:16,0
DA:17,0
DA:19,0
DA:23,0
DA:29,0
DA:30,0
DA:32,0
DA:36,0
DA:39,0
DA:42,0
LF:12
LH:0
end_of_record
SF:lib\features\auth\domain\use_case\user_get_current_usecase.dart
DA:10,0
DA:13,0
DA:15,0
LF:3
LH:0
end_of_record
SF:lib\core\network\dio_error_interceptor.dart
DA:4,0
DA:8,0
DA:9,0
DA:10,0
DA:12,0
DA:13,0
DA:22,0
DA:23,0
DA:24,0
DA:26,0
DA:29,0
LF:11
LH:0
end_of_record
SF:lib\features\auth\data\model\user_hive_model.dart
DA:22,0
DA:28,0
DA:31,0
DA:39,0
DA:40,0
DA:41,0
DA:42,0
DA:43,0
DA:44,0
DA:45,0
DA:50,0
DA:51,0
DA:52,0
DA:53,0
DA:54,0
DA:55,0
DA:56,0
DA:60,0
DA:61,0
LF:19
LH:0
end_of_record
SF:lib\features\auth\data\model\user_hive_model.g.dart
DA:13,0
DA:15,0
DA:16,0
DA:17,0
DA:19,0
DA:20,0
DA:21,0
DA:22,0
DA:23,0
DA:24,0
DA:28,0
DA:31,0
DA:32,0
DA:33,0
DA:34,0
DA:35,0
DA:36,0
DA:37,0
DA:38,0
DA:39,0
DA:40,0
DA:41,0
DA:44,0
DA:45,0
DA:47,0
DA:50,0
DA:51,0
DA:52,0
LF:28
LH:0
end_of_record
SF:lib\features\auth\data\model\user_api_model.dart
DA:16,0
DA:24,0
DA:25,0
DA:27,0
DA:28,0
DA:29,0
DA:30,0
DA:36,0
DA:37,0
DA:38,0
DA:39,0
DA:40,0
DA:41,0
DA:42,0
DA:47,0
DA:48,0
DA:49,0
DA:50,0
DA:51,0
DA:52,0
DA:53,0
DA:57,0
DA:58,0
LF:23
LH:0
end_of_record
SF:lib\features\auth\data\model\user_api_model.g.dart
DA:9,0
DA:10,0
DA:11,0
DA:12,0
DA:13,0
DA:14,0
DA:17,0
DA:18,0
DA:19,0
DA:20,0
DA:21,0
DA:22,0
DA:23,0
LF:13
LH:0
end_of_record
SF:lib\features\auth\presentation\View\appointment.dart
DA:4,2
DA:6,0
DA:7,0
DA:42,0
DA:44,0
DA:45,0
DA:48,0
DA:50,0
DA:51,0
DA:52,0
DA:53,0
DA:54,0
DA:57,0
DA:59,0
DA:61,0
DA:64,0
DA:65,0
DA:73,0
DA:74,0
DA:75,0
DA:76,0
DA:77,0
DA:78,0
DA:84,0
DA:85,0
DA:89,0
DA:91,0
DA:92,0
DA:93,0
DA:94,0
DA:95,0
DA:96,0
DA:97,0
DA:99,0
DA:105,0
DA:106,0
DA:109,0
DA:110,0
DA:112,0
DA:119,0
DA:123,0
DA:124,0
DA:125,0
DA:126,0
DA:128,0
DA:129,0
DA:130,0
DA:132,0
DA:133,0
DA:134,0
DA:136,0
DA:137,0
DA:138,0
DA:141,0
DA:142,0
DA:145,0
DA:146,0
DA:148,0
DA:154,0
DA:155,0
DA:157,0
DA:158,0
DA:159,0
DA:160,0
DA:166,0
DA:167,0
DA:170,0
DA:173,0
DA:174,0
DA:177,0
DA:180,0
DA:181,0
DA:186,0
DA:189,0
DA:190,0
DA:191,0
DA:195,0
DA:196,0
DA:197,0
DA:198,0
DA:199,0
DA:200,0
DA:203,0
DA:204,0
DA:209,0
DA:212,0
DA:213,0
DA:214,0
DA:218,0
DA:219,0
DA:220,0
DA:221,0
DA:224,0
DA:225,0
DA:231,0
DA:232,0
DA:233,0
DA:234,0
DA:235,0
DA:236,0
DA:237,0
DA:238,0
DA:239,0
DA:240,0
DA:241,0
DA:242,0
DA:245,0
DA:248,0
DA:249,0
DA:250,0
DA:251,0
DA:252,0
DA:254,0
DA:260,0
LF:114
LH:1
end_of_record
SF:lib\features\auth\presentation\View\dashboard.dart
DA:7,0
DA:9,0
DA:10,0
DA:22,0
DA:24,0
DA:25,0
DA:26,0
DA:33,0
DA:34,0
DA:37,0
DA:38,0
DA:39,0
LF:12
LH:0
end_of_record
SF:lib\features\auth\presentation\View\profile.dart
DA:4,2
DA:6,0
DA:8,0
LF:3
LH:1
end_of_record
SF:lib\features\auth\presentation\View\mediqueue_dashboard.dart
DA:6,2
DA:32,0
DA:34,0
DA:36,0
DA:39,0
DA:40,0
DA:41,0
DA:44,0
DA:45,0
DA:54,0
DA:72,0
DA:73,0
DA:74,0
DA:75,0
DA:77,0
DA:79,0
DA:82,0
DA:99,0
DA:101,0
DA:102,0
DA:119,0
DA:120,0
DA:125,0
DA:126,0
DA:142,0
DA:148,0
DA:149,0
DA:154,0
DA:155,0
DA:156,0
DA:166,0
DA:177,0
DA:178,0
DA:191,0
DA:192,0
DA:193,0
DA:195,0
DA:209,0
DA:210,0
DA:211,0
DA:214,0
DA:221,0
DA:225,0
DA:227,0
DA:229,0
DA:245,0
DA:246,0
DA:247,0
DA:258,0
DA:259,0
DA:260,0
DA:261,0
DA:262,0
DA:264,0
DA:266,0
DA:267,0
DA:269,0
DA:272,0
DA:284,0
DA:285,0
DA:287,0
DA:288,0
DA:289,0
DA:290,0
DA:292,0
DA:293,0
DA:294,0
DA:296,0
DA:297,0
DA:299,0
DA:300,0
DA:301,0
DA:302,0
DA:304,0
DA:314,0
DA:315,0
DA:316,0
DA:318,0
DA:320,0
DA:321,0
DA:322,0
DA:330,0
LF:82
LH:1
end_of_record
SF:lib\features\auth\presentation\View\login.dart
DA:8,1
DA:10,1
DA:11,1
DA:19,1
DA:21,2
DA:22,2
DA:23,1
DA:26,1
DA:28,1
DA:30,1
DA:31,1
DA:33,1
DA:34,1
DA:35,1
DA:37,1
DA:39,1
DA:41,1
DA:42,1
DA:45,1
DA:47,1
DA:48,1
DA:49,1
DA:50,0
DA:61,1
DA:62,0
DA:63,0
DA:65,0
DA:66,0
DA:102,1
DA:103,1
DA:104,1
DA:106,1
DA:107,1
DA:110,1
DA:111,1
DA:121,1
DA:122,1
DA:124,1
DA:126,1
DA:127,1
DA:131,1
DA:132,1
DA:142,1
DA:144,1
DA:145,1
DA:146,3
DA:147,2
DA:148,1
DA:150,2
DA:151,2
DA:156,1
DA:158,1
DA:159,1
DA:172,1
DA:173,1
DA:174,0
LF:56
LH:50
end_of_record
SF:lib\features\auth\presentation\View\signup.dart
DA:8,6
DA:10,0
DA:11,0
DA:22,0
DA:24,0
DA:26,0
DA:27,0
DA:29,0
DA:30,0
DA:31,0
DA:33,0
DA:35,0
DA:37,0
DA:38,0
DA:39,0
DA:40,0
DA:41,0
DA:43,0
DA:44,0
DA:67,0
DA:68,0
DA:71,0
DA:72,0
DA:79,0
DA:80,0
DA:83,0
DA:84,0
DA:91,0
DA:92,0
DA:95,0
DA:96,0
DA:103,0
DA:104,0
DA:108,0
DA:109,0
DA:116,0
DA:118,0
DA:119,0
DA:120,0
DA:121,0
DA:122,0
DA:124,0
DA:125,0
DA:126,0
DA:127,0
DA:132,0
DA:135,0
DA:136,0
LF:48
LH:1
end_of_record
SF:lib\features\auth\presentation\View\login.dart
DA:8,2
DA:10,0
DA:11,0
DA:19,0
DA:21,0
DA:22,0
DA:23,0
DA:26,0
DA:28,0
DA:30,0
DA:31,0
DA:33,0
DA:34,0
DA:35,0
DA:37,0
DA:39,0
DA:41,0
DA:42,0
DA:45,0
DA:47,0
DA:48,0
DA:49,0
DA:50,0
DA:61,0
DA:62,0
DA:63,0
DA:65,0
DA:66,0
DA:102,0
DA:103,0
DA:104,0
DA:106,0
DA:107,0
DA:110,0
DA:111,0
DA:121,0
DA:122,0
DA:124,0
DA:126,0
DA:127,0
DA:131,0
DA:132,0
DA:142,0
DA:144,0
DA:145,0
DA:146,0
DA:147,0
DA:148,0
DA:150,0
DA:151,0
DA:156,0
DA:158,0
DA:159,0
DA:172,0
DA:173,0
DA:174,0
LF:56
LH:1
end_of_record
